0 info it worked if it ends with ok
1 verbose cli [ '/usr/local/bin/node', '/usr/local/bin/npm', 'install' ]
2 info using npm@2.14.3
3 info using node@v4.1.0
4 verbose readDependencies loading dependencies from /Applications/MAMP/htdocs/Present/beta/1.0.0/package.json
5 warn package.json Dependency 'laravel-elixir-svg-sprite' exists in both dependencies and devDependencies, using 'laravel-elixir-svg-sprite@^0.1.4' from dependencies
6 verbose install where, deps [ '/Applications/MAMP/htdocs/Present/beta/1.0.0',
6 verbose install   [ 'bootstrap-sass',
6 verbose install     'inuit-buttons',
6 verbose install     'inuit-clearfix',
6 verbose install     'inuit-headings',
6 verbose install     'inuit-headings-trumps',
6 verbose install     'inuit-images',
6 verbose install     'inuit-layout',
6 verbose install     'inuit-media',
6 verbose install     'inuit-paragraphs',
6 verbose install     'inuit-print',
6 verbose install     'inuit-reset',
6 verbose install     'inuit-responsive-tools',
6 verbose install     'inuit-widths-responsive',
6 verbose install     'inuit-starter-kit',
6 verbose install     'inuit-tools-widths',
6 verbose install     'inuit-widths',
6 verbose install     'laravel-elixir',
6 verbose install     'laravel-elixir-svg-sprite',
6 verbose install     'gulp' ] ]
7 verbose install where, peers [ '/Applications/MAMP/htdocs/Present/beta/1.0.0', [] ]
8 verbose installManyTop reading for lifecycle /Applications/MAMP/htdocs/Present/beta/1.0.0/package.json
9 info preinstall @
10 verbose installManyTop reading scoped package data from /Applications/MAMP/htdocs/Present/beta/1.0.0/node_modules/bootstrap-sass/package.json
11 verbose installManyTop reading scoped package data from /Applications/MAMP/htdocs/Present/beta/1.0.0/node_modules/gulp/package.json
12 verbose installManyTop reading scoped package data from /Applications/MAMP/htdocs/Present/beta/1.0.0/node_modules/inuit-buttons/package.json
13 verbose installManyTop reading scoped package data from /Applications/MAMP/htdocs/Present/beta/1.0.0/node_modules/inuit-clearfix/package.json
14 verbose installManyTop reading scoped package data from /Applications/MAMP/htdocs/Present/beta/1.0.0/node_modules/inuit-headings/package.json
15 verbose installManyTop reading scoped package data from /Applications/MAMP/htdocs/Present/beta/1.0.0/node_modules/inuit-headings-trumps/package.json
16 verbose installManyTop reading scoped package data from /Applications/MAMP/htdocs/Present/beta/1.0.0/node_modules/inuit-images/package.json
17 verbose installManyTop reading scoped package data from /Applications/MAMP/htdocs/Present/beta/1.0.0/node_modules/inuit-layout/package.json
18 verbose installManyTop reading scoped package data from /Applications/MAMP/htdocs/Present/beta/1.0.0/node_modules/inuit-media/package.json
19 verbose installManyTop reading scoped package data from /Applications/MAMP/htdocs/Present/beta/1.0.0/node_modules/inuit-paragraphs/package.json
20 verbose installManyTop reading scoped package data from /Applications/MAMP/htdocs/Present/beta/1.0.0/node_modules/inuit-print/package.json
21 verbose installManyTop reading scoped package data from /Applications/MAMP/htdocs/Present/beta/1.0.0/node_modules/inuit-reset/package.json
22 verbose installManyTop reading scoped package data from /Applications/MAMP/htdocs/Present/beta/1.0.0/node_modules/inuit-responsive-tools/package.json
23 verbose installManyTop reading scoped package data from /Applications/MAMP/htdocs/Present/beta/1.0.0/node_modules/inuit-starter-kit/package.json
24 verbose installManyTop reading scoped package data from /Applications/MAMP/htdocs/Present/beta/1.0.0/node_modules/inuit-tools-widths/package.json
25 verbose installManyTop reading scoped package data from /Applications/MAMP/htdocs/Present/beta/1.0.0/node_modules/inuit-widths/package.json
26 verbose installManyTop reading scoped package data from /Applications/MAMP/htdocs/Present/beta/1.0.0/node_modules/laravel-elixir/package.json
27 verbose installManyTop reading scoped package data from /Applications/MAMP/htdocs/Present/beta/1.0.0/node_modules/laravel-elixir-svg-sprite/package.json
28 verbose readDependencies loading dependencies from /Applications/MAMP/htdocs/Present/beta/1.0.0/package.json
29 verbose targetResolver reading package data from /Applications/MAMP/htdocs/Present/beta/1.0.0/node_modules/bootstrap-sass/package.json
30 verbose targetResolver reading package data from /Applications/MAMP/htdocs/Present/beta/1.0.0/node_modules/gulp/package.json
31 verbose targetResolver reading package data from /Applications/MAMP/htdocs/Present/beta/1.0.0/node_modules/inuit-buttons/package.json
32 verbose targetResolver reading package data from /Applications/MAMP/htdocs/Present/beta/1.0.0/node_modules/inuit-clearfix/package.json
33 verbose targetResolver reading package data from /Applications/MAMP/htdocs/Present/beta/1.0.0/node_modules/inuit-headings/package.json
34 verbose targetResolver reading package data from /Applications/MAMP/htdocs/Present/beta/1.0.0/node_modules/inuit-headings-trumps/package.json
35 verbose targetResolver reading package data from /Applications/MAMP/htdocs/Present/beta/1.0.0/node_modules/inuit-images/package.json
36 verbose targetResolver reading package data from /Applications/MAMP/htdocs/Present/beta/1.0.0/node_modules/inuit-layout/package.json
37 verbose targetResolver reading package data from /Applications/MAMP/htdocs/Present/beta/1.0.0/node_modules/inuit-media/package.json
38 verbose targetResolver reading package data from /Applications/MAMP/htdocs/Present/beta/1.0.0/node_modules/inuit-paragraphs/package.json
39 verbose targetResolver reading package data from /Applications/MAMP/htdocs/Present/beta/1.0.0/node_modules/inuit-print/package.json
40 verbose targetResolver reading package data from /Applications/MAMP/htdocs/Present/beta/1.0.0/node_modules/inuit-reset/package.json
41 verbose targetResolver reading package data from /Applications/MAMP/htdocs/Present/beta/1.0.0/node_modules/inuit-responsive-tools/package.json
42 verbose targetResolver reading package data from /Applications/MAMP/htdocs/Present/beta/1.0.0/node_modules/inuit-starter-kit/package.json
43 verbose targetResolver reading package data from /Applications/MAMP/htdocs/Present/beta/1.0.0/node_modules/inuit-tools-widths/package.json
44 verbose targetResolver reading package data from /Applications/MAMP/htdocs/Present/beta/1.0.0/node_modules/inuit-widths/package.json
45 verbose targetResolver reading package data from /Applications/MAMP/htdocs/Present/beta/1.0.0/node_modules/laravel-elixir/package.json
46 verbose targetResolver reading package data from /Applications/MAMP/htdocs/Present/beta/1.0.0/node_modules/laravel-elixir-svg-sprite/package.json
47 verbose targetResolver reading package data from /Applications/MAMP/htdocs/Present/beta/1.0.0/node_modules/.bin/gulp/package.json
48 verbose already installed skipping bootstrap-sass@^3.0.0 /Applications/MAMP/htdocs/Present/beta/1.0.0
49 verbose already installed skipping inuit-buttons@^0.4.2 /Applications/MAMP/htdocs/Present/beta/1.0.0
50 verbose already installed skipping inuit-clearfix@^0.2.2 /Applications/MAMP/htdocs/Present/beta/1.0.0
51 verbose already installed skipping inuit-headings@^0.3.1 /Applications/MAMP/htdocs/Present/beta/1.0.0
52 verbose already installed skipping inuit-headings-trumps@^0.1.3 /Applications/MAMP/htdocs/Present/beta/1.0.0
53 verbose already installed skipping inuit-images@^0.3.3 /Applications/MAMP/htdocs/Present/beta/1.0.0
54 verbose already installed skipping inuit-layout@^0.2.2 /Applications/MAMP/htdocs/Present/beta/1.0.0
55 verbose already installed skipping inuit-media@^0.4.2 /Applications/MAMP/htdocs/Present/beta/1.0.0
56 verbose already installed skipping inuit-paragraphs@^0.1.4 /Applications/MAMP/htdocs/Present/beta/1.0.0
57 verbose already installed skipping inuit-print@0.0.2 /Applications/MAMP/htdocs/Present/beta/1.0.0
58 verbose already installed skipping inuit-reset@^0.1.1 /Applications/MAMP/htdocs/Present/beta/1.0.0
59 verbose already installed skipping inuit-responsive-tools@^0.1.3 /Applications/MAMP/htdocs/Present/beta/1.0.0
60 silly cache add args [ 'inuit-widths-responsive@~0.2.2', null ]
61 verbose cache add spec inuit-widths-responsive@~0.2.2
62 silly cache add parsed spec Result {
62 silly cache add   raw: 'inuit-widths-responsive@~0.2.2',
62 silly cache add   scope: null,
62 silly cache add   name: 'inuit-widths-responsive',
62 silly cache add   rawSpec: '~0.2.2',
62 silly cache add   spec: '>=0.2.2 <0.3.0',
62 silly cache add   type: 'range' }
63 silly addNamed inuit-widths-responsive@>=0.2.2 <0.3.0
64 verbose addNamed ">=0.2.2 <0.3.0" is a valid semver range for inuit-widths-responsive
65 silly addNameRange { name: 'inuit-widths-responsive',
65 silly addNameRange   range: '>=0.2.2 <0.3.0',
65 silly addNameRange   hasData: false }
66 silly mapToRegistry name inuit-widths-responsive
67 silly mapToRegistry using default registry
68 silly mapToRegistry registry https://registry.npmjs.org/
69 silly mapToRegistry uri https://registry.npmjs.org/inuit-widths-responsive
70 verbose addNameRange registry:https://registry.npmjs.org/inuit-widths-responsive not in flight; fetching
71 verbose already installed skipping inuit-starter-kit@^0.2.9 /Applications/MAMP/htdocs/Present/beta/1.0.0
72 verbose already installed skipping inuit-tools-widths@^0.1.4 /Applications/MAMP/htdocs/Present/beta/1.0.0
73 verbose already installed skipping inuit-widths@^0.4.2 /Applications/MAMP/htdocs/Present/beta/1.0.0
74 verbose already installed skipping laravel-elixir@^3.0.0 /Applications/MAMP/htdocs/Present/beta/1.0.0
75 verbose already installed skipping laravel-elixir-svg-sprite@^0.1.4 /Applications/MAMP/htdocs/Present/beta/1.0.0
76 verbose already installed skipping gulp@^3.8.8 /Applications/MAMP/htdocs/Present/beta/1.0.0
77 verbose request uri https://registry.npmjs.org/inuit-widths-responsive
78 verbose request no auth needed
79 info attempt registry request try #1 at 5:08:26 PM
80 verbose request id 7f4c1bb4ec916aa7
81 http request GET https://registry.npmjs.org/inuit-widths-responsive
82 http 404 https://registry.npmjs.org/inuit-widths-responsive
83 verbose headers { 'content-type': 'application/json',
83 verbose headers   'cache-control': 'max-age=0',
83 verbose headers   'content-length': '2',
83 verbose headers   'accept-ranges': 'bytes',
83 verbose headers   date: 'Tue, 03 Nov 2015 16:08:26 GMT',
83 verbose headers   via: '1.1 varnish',
83 verbose headers   age: '0',
83 verbose headers   connection: 'keep-alive',
83 verbose headers   'x-served-by': 'cache-ams4128-AMS',
83 verbose headers   'x-cache': 'MISS',
83 verbose headers   'x-cache-hits': '0',
83 verbose headers   'x-timer': 'S1446566906.097133,VS0,VE104' }
84 silly get cb [ 404,
84 silly get   { 'content-type': 'application/json',
84 silly get     'cache-control': 'max-age=0',
84 silly get     'content-length': '2',
84 silly get     'accept-ranges': 'bytes',
84 silly get     date: 'Tue, 03 Nov 2015 16:08:26 GMT',
84 silly get     via: '1.1 varnish',
84 silly get     age: '0',
84 silly get     connection: 'keep-alive',
84 silly get     'x-served-by': 'cache-ams4128-AMS',
84 silly get     'x-cache': 'MISS',
84 silly get     'x-cache-hits': '0',
84 silly get     'x-timer': 'S1446566906.097133,VS0,VE104' } ]
85 verbose stack Error: Registry returned 404 for GET on https://registry.npmjs.org/inuit-widths-responsive
85 verbose stack     at makeError (/usr/local/lib/node_modules/npm/node_modules/npm-registry-client/lib/request.js:263:12)
85 verbose stack     at CachingRegistryClient.<anonymous> (/usr/local/lib/node_modules/npm/node_modules/npm-registry-client/lib/request.js:241:14)
85 verbose stack     at Request._callback (/usr/local/lib/node_modules/npm/node_modules/npm-registry-client/lib/request.js:171:14)
85 verbose stack     at Request.self.callback (/usr/local/lib/node_modules/npm/node_modules/request/request.js:198:22)
85 verbose stack     at emitTwo (events.js:87:13)
85 verbose stack     at Request.emit (events.js:172:7)
85 verbose stack     at Request.<anonymous> (/usr/local/lib/node_modules/npm/node_modules/request/request.js:1073:14)
85 verbose stack     at emitOne (events.js:82:20)
85 verbose stack     at Request.emit (events.js:169:7)
85 verbose stack     at IncomingMessage.<anonymous> (/usr/local/lib/node_modules/npm/node_modules/request/request.js:1019:12)
86 verbose statusCode 404
87 verbose pkgid inuit-widths-responsive
88 verbose cwd /Applications/MAMP/htdocs/Present/beta/1.0.0
89 error Darwin 15.0.0
90 error argv "/usr/local/bin/node" "/usr/local/bin/npm" "install"
91 error node v4.1.0
92 error npm  v2.14.3
93 error code E404
94 error 404 Registry returned 404 for GET on https://registry.npmjs.org/inuit-widths-responsive
94 error 404
94 error 404 'inuit-widths-responsive' is not in the npm registry.
94 error 404 You should bug the author to publish it (or use the name yourself!)
94 error 404
94 error 404 Note that you can also install from a
94 error 404 tarball, folder, http url, or git url.
95 verbose exit [ 1, true ]
